(node:16528) [DEP0176] DeprecationWarning: fs.F_OK is deprecated, use fs.constants.F_OK instead
(Use `node --trace-deprecation ...` to show where the warning was created)
(node:16528) [DEP_WEBPACK_DEV_SERVER_ON_AFTER_SETUP_MIDDLEWARE] DeprecationWarning: 'onAfterSetupMiddleware' option is deprecated. Please use the 'setupMiddlewares' option.
(node:16528) [DEP_WEBPACK_DEV_SERVER_ON_BEFORE_SETUP_MIDDLEWARE] DeprecationWarning: 'onBeforeSetupMiddleware' option is deprecated. Please use the 'setupMiddlewares' option.
Starting the development server...

Compiled with warnings.

[eslint] 
src\App.js
  Line 4:8:  'Header' is defined but never used  no-unused-vars
  Line 9:8:  'Footer' is defined but never used  no-unused-vars

src\components\Header\Header.jsx
  Line 37:23:   'setUnreadCount' is assigned a value but never used                                                        no-unused-vars
  Line 130:14:  img elements must have an alt prop, either with meaningful text, or an empty string for decorative images  jsx-a11y/alt-text
  Line 340:13:  img elements must have an alt prop, either with meaningful text, or an empty string for decorative images  jsx-a11y/alt-text

src\screens\customer\BookingSummaryScreen\BookingSummaryScreen.jsx
  Line 12:9:    'location' is assigned a value but never used                                                                                             no-unused-vars
  Line 16:11:   'user' is assigned a value but never used                                                                                                 no-unused-vars
  Line 104:6:   React Hook useEffect has missing dependencies: 'navigate' and 'serviceIds'. Either include them or remove the dependency array            react-hooks/exhaustive-deps
  Line 104:33:  React Hook useEffect has a complex expression in the dependency array. Extract it to a separate variable so it can be statically checked  react-hooks/exhaustive-deps

src\screens\login\signIn\SignIn.jsx
  Line 9:10:   'Sparkles' is defined but never used                                                                       no-unused-vars
  Line 76:13:  img elements must have an alt prop, either with meaningful text, or an empty string for decorative images  jsx-a11y/alt-text

Search for the keywords to learn more about each warning.
To ignore, add // eslint-disable-next-line to the line before.

[1m[33mWARNING[39m[22m in [1m[eslint] 
src\App.js
  Line 4:8:  'Header' is defined but never used  no-unused-vars
  Line 9:8:  'Footer' is defined but never used  no-unused-vars

src\components\Header\Header.jsx
  Line 37:23:   'setUnreadCount' is assigned a value but never used                                                        no-unused-vars
  Line 130:14:  img elements [1m[33mmust[39m[22m[1m have an alt prop, either with meaningful text, or an empty string for decorative images  jsx-a11y/alt-text
  Line 340:13:  img elements [1m[33mmust[39m[22m[1m have an alt prop, either with meaningful text, or an empty string for decorative images  jsx-a11y/alt-text

src\screens\customer\BookingSummaryScreen\BookingSummaryScreen.jsx
  Line 12:9:    'location' is assigned a value but never used                                                                                             no-unused-vars
  Line 16:11:   'user' is assigned a value but never used                                                                                                 no-unused-vars
  Line 104:6:   React Hook useEffect has missing dependencies: 'navigate' and 'serviceIds'. Either include them or remove the dependency array            react-hooks/exhaustive-deps
  Line 104:33:  React Hook useEffect has a complex expression in the dependency array. Extract it to a separate variable so it can be statically checked  react-hooks/exhaustive-deps

src\screens\login\signIn\SignIn.jsx
  Line 9:10:   'Sparkles' is defined but never used                                                                       no-unused-vars
  Line 76:13:  img elements [1m[33mmust[39m[22m[1m have an alt prop, either with meaningful text, or an empty string for decorative images  jsx-a11y/alt-text

[39m[22m

webpack compiled with [1m[33m1 warning[39m[22m
